Performing C++ SOURCE FILE Test COMPILER_HAS_MBIG_OBJ failed with the following output:
Change Dir: /home/sgx/graphene/Tools/gsc/test/mumble/build/CMakeFiles/CMakeTmp

Run Build Command(s):/usr/bin/make cmTC_1bb04/fast && /usr/bin/make -f CMakeFiles/cmTC_1bb04.dir/build.make CMakeFiles/cmTC_1bb04.dir/build
make[1]: Entering directory '/home/sgx/graphene/Tools/gsc/test/mumble/build/CMakeFiles/CMakeTmp'
Building CXX object CMakeFiles/cmTC_1bb04.dir/src.cxx.o
/usr/bin/c++    -DCOMPILER_HAS_MBIG_OBJ -fPIE   Wa,-mbig-obj -std=gnu++14 -o CMakeFiles/cmTC_1bb04.dir/src.cxx.o -c /home/sgx/graphene/Tools/gsc/test/mumble/build/CMakeFiles/CMakeTmp/src.cxx
c++: error: Wa,-mbig-obj: No such file or directory
make[1]: *** [CMakeFiles/cmTC_1bb04.dir/build.make:66: CMakeFiles/cmTC_1bb04.dir/src.cxx.o] Error 1
make[1]: Leaving directory '/home/sgx/graphene/Tools/gsc/test/mumble/build/CMakeFiles/CMakeTmp'
make: *** [Makefile:121: cmTC_1bb04/fast] Error 2


Source file was:
int main() { return 0; }
Performing C SOURCE FILE Test CMAKE_HAVE_LIBC_PTHREAD failed with the following output:
Change Dir: /home/sgx/graphene/Tools/gsc/test/mumble/build/CMakeFiles/CMakeTmp

Run Build Command(s):/usr/bin/make cmTC_8ef06/fast && /usr/bin/make -f CMakeFiles/cmTC_8ef06.dir/build.make CMakeFiles/cmTC_8ef06.dir/build
make[1]: Entering directory '/home/sgx/graphene/Tools/gsc/test/mumble/build/CMakeFiles/CMakeTmp'
Building C object CMakeFiles/cmTC_8ef06.dir/src.c.o
/usr/bin/cc   -DCMAKE_HAVE_LIBC_PTHREAD -fPIE   -o CMakeFiles/cmTC_8ef06.dir/src.c.o   -c /home/sgx/graphene/Tools/gsc/test/mumble/build/CMakeFiles/CMakeTmp/src.c
Linking C executable cmTC_8ef06
/usr/bin/cmake -E cmake_link_script CMakeFiles/cmTC_8ef06.dir/link.txt --verbose=1
/usr/bin/cc  -DCMAKE_HAVE_LIBC_PTHREAD    CMakeFiles/cmTC_8ef06.dir/src.c.o  -o cmTC_8ef06 
/usr/local/bin/ld: CMakeFiles/cmTC_8ef06.dir/src.c.o: in function `main':
src.c:(.text+0x46): undefined reference to `pthread_create'
/usr/local/bin/ld: src.c:(.text+0x52): undefined reference to `pthread_detach'
/usr/local/bin/ld: src.c:(.text+0x63): undefined reference to `pthread_join'
collect2: error: ld returned 1 exit status
make[1]: *** [CMakeFiles/cmTC_8ef06.dir/build.make:87: cmTC_8ef06] Error 1
make[1]: Leaving directory '/home/sgx/graphene/Tools/gsc/test/mumble/build/CMakeFiles/CMakeTmp'
make: *** [Makefile:121: cmTC_8ef06/fast] Error 2


Source file was:
#include <pthread.h>

void* test_func(void* data)
{
  return data;
}

int main(void)
{
  pthread_t thread;
  pthread_create(&thread, NULL, test_func, NULL);
  pthread_detach(thread);
  pthread_join(thread, NULL);
  pthread_atfork(NULL, NULL, NULL);
  pthread_exit(NULL);

  return 0;
}

Determining if the function pthread_create exists in the pthreads failed with the following output:
Change Dir: /home/sgx/graphene/Tools/gsc/test/mumble/build/CMakeFiles/CMakeTmp

Run Build Command(s):/usr/bin/make cmTC_2a1a9/fast && /usr/bin/make -f CMakeFiles/cmTC_2a1a9.dir/build.make CMakeFiles/cmTC_2a1a9.dir/build
make[1]: Entering directory '/home/sgx/graphene/Tools/gsc/test/mumble/build/CMakeFiles/CMakeTmp'
Building C object CMakeFiles/cmTC_2a1a9.dir/CheckFunctionExists.c.o
/usr/bin/cc   -DCHECK_FUNCTION_EXISTS=pthread_create -fPIE   -o CMakeFiles/cmTC_2a1a9.dir/CheckFunctionExists.c.o   -c /usr/share/cmake-3.16/Modules/CheckFunctionExists.c
Linking C executable cmTC_2a1a9
/usr/bin/cmake -E cmake_link_script CMakeFiles/cmTC_2a1a9.dir/link.txt --verbose=1
/usr/bin/cc  -DCHECK_FUNCTION_EXISTS=pthread_create    CMakeFiles/cmTC_2a1a9.dir/CheckFunctionExists.c.o  -o cmTC_2a1a9  -lpthreads 
/usr/local/bin/ld: cannot find -lpthreads
collect2: error: ld returned 1 exit status
make[1]: *** [CMakeFiles/cmTC_2a1a9.dir/build.make:87: cmTC_2a1a9] Error 1
make[1]: Leaving directory '/home/sgx/graphene/Tools/gsc/test/mumble/build/CMakeFiles/CMakeTmp'
make: *** [Makefile:121: cmTC_2a1a9/fast] Error 2



